Сборка начата 18.09.2021 16:46:56.
Уровень детализации журнала: Normal.     1>Проект "C:\Users\User\Desktop\основы алгоритмизации и программирования\lab_02\Kravchenko_lab02\var8\var2\var2\var2.vcxproj" в узле 2 (целевые объекты Build).
     1>PrepareForBuild:
         Создание каталога "C:\Users\User\Desktop\основы алгоритмизации и программирования\lab_02\Kravchenko_lab02\var8\var2\Debug\".
         Создание каталога "Debug\var2.tlog\".
       InitializeBuildStatus:
         Создание "Debug\var2.tlog\unsuccessfulbuild", так как было задано "AlwaysCreate".
       ClCompile:
         C:\Program Files (x86)\Microsoft Visual Studio\2019\Community\VC\Tools\MSVC\14.29.30133\bin\HostX86\x86\CL.exe /c /ZI /JMC /nologo /W3 /WX- /diagnostics:column /sdl /Od /Oy- /D WIN32 /D _DEBUG /D _CONSOLE /D _UNICODE /D UNICODE /Gm- /EHsc /RTC1 /MDd /GS /fp:precise /permissive- /Zc:wchar_t /Zc:forScope /Zc:inline /Fo"Debug\\" /Fd"Debug\vc142.pdb" /external:W3 /Gd /TP /analyze- /FC /errorReport:prompt var2.cpp
         var2.cpp
     1>C:\Users\User\Desktop\основы алгоритмизации и программирования\lab_02\Kravchenko_lab02\var8\var2\var2\var2.cpp(1,10): warning C4067: непредвиденные лексемы за директивой препроцессора, требуется newline
     1>C:\Users\User\Desktop\основы алгоритмизации и программирования\lab_02\Kravchenko_lab02\var8\var2\var2\var2.cpp(5,1): warning C4326: возвращаемый тип "main" должен быть "int", а не "void"
       Link:
         C:\Program Files (x86)\Microsoft Visual Studio\2019\Community\VC\Tools\MSVC\14.29.30133\bin\HostX86\x86\link.exe /ERRORREPORT:PROMPT /OUT:"C:\Users\User\Desktop\основы алгоритмизации и программирования\lab_02\Kravchenko_lab02\var8\var2\Debug\var2.exe" /INCREMENTAL /ILK:"Debug\var2.ilk" /NOLOGO kernel32.lib user32.lib gdi32.lib winspool.lib comdlg32.lib advapi32.lib shell32.lib ole32.lib oleaut32.lib uuid.lib odbc32.lib odbccp32.lib /MANIFEST /MANIFESTUAC:"level='asInvoker' uiAccess='false'" /manifest:embed /DEBUG /PDB:"C:\Users\User\Desktop\основы алгоритмизации и программирования\lab_02\Kravchenko_lab02\var8\var2\Debug\var2.pdb" /SUBSYSTEM:CONSOLE /TLBID:1 /DYNAMICBASE /NXCOMPAT /IMPLIB:"C:\Users\User\Desktop\основы алгоритмизации и программирования\lab_02\Kravchenko_lab02\var8\var2\Debug\var2.lib" /MACHINE:X86 Debug\var2.obj
         var2.vcxproj -> C:\Users\User\Desktop\основы алгоритмизации и программирования\lab_02\Kravchenko_lab02\var8\var2\Debug\var2.exe
       FinalizeBuildStatus:
         Файл "Debug\var2.tlog\unsuccessfulbuild" удаляется.
         Обращение к "Debug\var2.tlog\var2.lastbuildstate".
     1>Сборка проекта "C:\Users\User\Desktop\основы алгоритмизации и программирования\lab_02\Kravchenko_lab02\var8\var2\var2\var2.vcxproj" завершена (целевые объекты Build).

Сборка успешно завершена.

       "C:\Users\User\Desktop\основы алгоритмизации и программирования\lab_02\Kravchenko_lab02\var8\var2\var2\var2.vcxproj" (целевой объект Build ) (1) ->
       (Целевой объект ClCompile) -> 
         C:\Users\User\Desktop\основы алгоритмизации и программирования\lab_02\Kravchenko_lab02\var8\var2\var2\var2.cpp(1,10): warning C4067: непредвиденные лексемы за директивой препроцессора, требуется newline
         C:\Users\User\Desktop\основы алгоритмизации и программирования\lab_02\Kravchenko_lab02\var8\var2\var2\var2.cpp(5,1): warning C4326: возвращаемый тип "main" должен быть "int", а не "void"

    Предупреждений: 2
    Ошибок: 0

Прошло времени 00:00:05.01
