Сборка начата 08.10.2021 12:41:23.
Уровень детализации журнала: Normal.     1>Проект "D:\1 курс\Основы алгоратмизации и програмирования Белодед\Лабораторные работы\ЛБ11(Белод.)\OAPLab_11_1\OAPLab_11_2(2)\OAPLab_11_2(2).vcxproj" в узле 2 (целевые объекты Build).
     1>InitializeBuildStatus:
         Создание "Debug\OAPLab_11_2(2).tlog\unsuccessfulbuild", так как было задано "AlwaysCreate".
       ClCompile:
         C:\Program Files (x86)\Microsoft Visual Studio\2019\Professional\VC\Tools\MSVC\14.29.30037\bin\HostX86\x86\CL.exe /c /ZI /JMC /nologo /W3 /WX- /diagnostics:column /sdl /Od /Oy- /D WIN32 /D _DEBUG /D _CONSOLE /D _UNICODE /D UNICODE /Gm- /EHsc /RTC1 /MDd /GS /fp:precise /permissive- /Zc:wchar_t /Zc:forScope /Zc:inline /Fo"Debug\\" /Fd"Debug\vc142.pdb" /external:W3 /Gd /TP /analyze- /FC /errorReport:prompt Source.cpp
         Source.cpp
     1>D:\1 курс\Основы алгоратмизации и програмирования Белодед\Лабораторные работы\ЛБ11(Белод.)\OAPLab_11_1\OAPLab_11_2(2)\Source.cpp(5,1): warning C4326: возвращаемый тип "main" должен быть "int", а не "void"
       Link:
         C:\Program Files (x86)\Microsoft Visual Studio\2019\Professional\VC\Tools\MSVC\14.29.30037\bin\HostX86\x86\link.exe /ERRORREPORT:PROMPT /OUT:"D:\1 курс\Основы алгоратмизации и програмирования Белодед\Лабораторные работы\ЛБ11(Белод.)\OAPLab_11_1\Debug\OAPLab_11_2(2).exe" /INCREMENTAL /ILK:"Debug\OAPLab_11_2(2).ilk" /NOLOGO kernel32.lib user32.lib gdi32.lib winspool.lib comdlg32.lib advapi32.lib shell32.lib ole32.lib oleaut32.lib uuid.lib odbc32.lib odbccp32.lib /MANIFEST /MANIFESTUAC:"level='asInvoker' uiAccess='false'" /manifest:embed /DEBUG /PDB:"D:\1 курс\Основы алгоратмизации и програмирования Белодед\Лабораторные работы\ЛБ11(Белод.)\OAPLab_11_1\Debug\OAPLab_11_2(2).pdb" /SUBSYSTEM:CONSOLE /TLBID:1 /DYNAMICBASE /NXCOMPAT /IMPLIB:"D:\1 курс\Основы алгоратмизации и програмирования Белодед\Лабораторные работы\ЛБ11(Белод.)\OAPLab_11_1\Debug\OAPLab_11_2(2).lib" /MACHINE:X86 Debug\Source.obj
         OAPLab_11_2(2).vcxproj -> D:\1 курс\Основы алгоратмизации и програмирования Белодед\Лабораторные работы\ЛБ11(Белод.)\OAPLab_11_1\Debug\OAPLab_11_2(2).exe
       FinalizeBuildStatus:
         Файл "Debug\OAPLab_11_2(2).tlog\unsuccessfulbuild" удаляется.
         Обращение к "Debug\OAPLab_11_2(2).tlog\OAPLab_11_2(2).lastbuildstate".
     1>Сборка проекта "D:\1 курс\Основы алгоратмизации и програмирования Белодед\Лабораторные работы\ЛБ11(Белод.)\OAPLab_11_1\OAPLab_11_2(2)\OAPLab_11_2(2).vcxproj" завершена (целевые объекты Build).

Сборка успешно завершена.

       "D:\1 курс\Основы алгоратмизации и програмирования Белодед\Лабораторные работы\ЛБ11(Белод.)\OAPLab_11_1\OAPLab_11_2(2)\OAPLab_11_2(2).vcxproj" (целевой объект Build ) (1) ->
       (Целевой объект ClCompile) -> 
         D:\1 курс\Основы алгоратмизации и програмирования Белодед\Лабораторные работы\ЛБ11(Белод.)\OAPLab_11_1\OAPLab_11_2(2)\Source.cpp(5,1): warning C4326: возвращаемый тип "main" должен быть "int", а не "void"

    Предупреждений: 1
    Ошибок: 0

Прошло времени 00:00:01.68
