Сборка начата 12.09.2021 18:49:33.
Уровень детализации журнала: Normal.     1>Проект "D:\1 курс\Основы алгоратмизации и програмирования Белодед\Лабораторные работы\ЛБ4(Белод.)\DOP_4_7\OAPLab_4_7_2\OAPLab_4_7_2\OAPLab_4_7_2.vcxproj" в узле 2 (целевые объекты Build).
     1>InitializeBuildStatus:
         Создание "Debug\OAPLab_4_7_2.tlog\unsuccessfulbuild", так как было задано "AlwaysCreate".
       ClCompile:
         C:\Program Files (x86)\Microsoft Visual Studio\2019\Professional\VC\Tools\MSVC\14.29.30037\bin\HostX86\x86\CL.exe /c /ZI /JMC /nologo /W3 /WX- /diagnostics:column /sdl /Od /Oy- /D WIN32 /D _DEBUG /D _CONSOLE /D _UNICODE /D UNICODE /Gm- /EHsc /RTC1 /MDd /GS /fp:precise /permissive- /Zc:wchar_t /Zc:forScope /Zc:inline /Fo"Debug\\" /Fd"Debug\vc142.pdb" /external:W3 /Gd /TP /analyze- /FC /errorReport:prompt Source.cpp
         Source.cpp
     1>D:\1 курс\Основы алгоратмизации и програмирования Белодед\Лабораторные работы\ЛБ4(Белод.)\DOP_4_7\OAPLab_4_7_2\OAPLab_4_7_2\Source.cpp(4,13): warning C4326: возвращаемый тип "main" должен быть "int", а не "void"
     1>D:\1 курс\Основы алгоратмизации и програмирования Белодед\Лабораторные работы\ЛБ4(Белод.)\DOP_4_7\OAPLab_4_7_2\OAPLab_4_7_2\Source.cpp(10,11): warning C4244: инициализация: преобразование "double" в "float", возможна потеря данных
     1>D:\1 курс\Основы алгоратмизации и програмирования Белодед\Лабораторные работы\ЛБ4(Белод.)\DOP_4_7\OAPLab_4_7_2\OAPLab_4_7_2\Source.cpp(11,11): warning C4244: инициализация: преобразование "double" в "float", возможна потеря данных
     1>D:\1 курс\Основы алгоратмизации и програмирования Белодед\Лабораторные работы\ЛБ4(Белод.)\DOP_4_7\OAPLab_4_7_2\OAPLab_4_7_2\Source.cpp(12,11): warning C4244: инициализация: преобразование "double" в "float", возможна потеря данных
     1>D:\1 курс\Основы алгоратмизации и програмирования Белодед\Лабораторные работы\ЛБ4(Белод.)\DOP_4_7\OAPLab_4_7_2\OAPLab_4_7_2\Source.cpp(13,11): warning C4244: инициализация: преобразование "double" в "float", возможна потеря данных
       Link:
         C:\Program Files (x86)\Microsoft Visual Studio\2019\Professional\VC\Tools\MSVC\14.29.30037\bin\HostX86\x86\link.exe /ERRORREPORT:PROMPT /OUT:"D:\1 курс\Основы алгоратмизации и програмирования Белодед\Лабораторные работы\ЛБ4(Белод.)\DOP_4_7\OAPLab_4_7_2\Debug\OAPLab_4_7_2.exe" /INCREMENTAL /ILK:"Debug\OAPLab_4_7_2.ilk" /NOLOGO kernel32.lib user32.lib gdi32.lib winspool.lib comdlg32.lib advapi32.lib shell32.lib ole32.lib oleaut32.lib uuid.lib odbc32.lib odbccp32.lib /MANIFEST /MANIFESTUAC:"level='asInvoker' uiAccess='false'" /manifest:embed /DEBUG /PDB:"D:\1 курс\Основы алгоратмизации и програмирования Белодед\Лабораторные работы\ЛБ4(Белод.)\DOP_4_7\OAPLab_4_7_2\Debug\OAPLab_4_7_2.pdb" /SUBSYSTEM:CONSOLE /TLBID:1 /DYNAMICBASE /NXCOMPAT /IMPLIB:"D:\1 курс\Основы алгоратмизации и програмирования Белодед\Лабораторные работы\ЛБ4(Белод.)\DOP_4_7\OAPLab_4_7_2\Debug\OAPLab_4_7_2.lib" /MACHINE:X86 Debug\Source.obj
         OAPLab_4_7_2.vcxproj -> D:\1 курс\Основы алгоратмизации и програмирования Белодед\Лабораторные работы\ЛБ4(Белод.)\DOP_4_7\OAPLab_4_7_2\Debug\OAPLab_4_7_2.exe
       FinalizeBuildStatus:
         Файл "Debug\OAPLab_4_7_2.tlog\unsuccessfulbuild" удаляется.
         Обращение к "Debug\OAPLab_4_7_2.tlog\OAPLab_4_7_2.lastbuildstate".
     1>Сборка проекта "D:\1 курс\Основы алгоратмизации и програмирования Белодед\Лабораторные работы\ЛБ4(Белод.)\DOP_4_7\OAPLab_4_7_2\OAPLab_4_7_2\OAPLab_4_7_2.vcxproj" завершена (целевые объекты Build).

Сборка успешно завершена.

       "D:\1 курс\Основы алгоратмизации и програмирования Белодед\Лабораторные работы\ЛБ4(Белод.)\DOP_4_7\OAPLab_4_7_2\OAPLab_4_7_2\OAPLab_4_7_2.vcxproj" (целевой объект Build ) (1) ->
       (Целевой объект ClCompile) -> 
         D:\1 курс\Основы алгоратмизации и програмирования Белодед\Лабораторные работы\ЛБ4(Белод.)\DOP_4_7\OAPLab_4_7_2\OAPLab_4_7_2\Source.cpp(4,13): warning C4326: возвращаемый тип "main" должен быть "int", а не "void"
         D:\1 курс\Основы алгоратмизации и програмирования Белодед\Лабораторные работы\ЛБ4(Белод.)\DOP_4_7\OAPLab_4_7_2\OAPLab_4_7_2\Source.cpp(10,11): warning C4244: инициализация: преобразование "double" в "float", возможна потеря данных
         D:\1 курс\Основы алгоратмизации и програмирования Белодед\Лабораторные работы\ЛБ4(Белод.)\DOP_4_7\OAPLab_4_7_2\OAPLab_4_7_2\Source.cpp(11,11): warning C4244: инициализация: преобразование "double" в "float", возможна потеря данных
         D:\1 курс\Основы алгоратмизации и програмирования Белодед\Лабораторные работы\ЛБ4(Белод.)\DOP_4_7\OAPLab_4_7_2\OAPLab_4_7_2\Source.cpp(12,11): warning C4244: инициализация: преобразование "double" в "float", возможна потеря данных
         D:\1 курс\Основы алгоратмизации и програмирования Белодед\Лабораторные работы\ЛБ4(Белод.)\DOP_4_7\OAPLab_4_7_2\OAPLab_4_7_2\Source.cpp(13,11): warning C4244: инициализация: преобразование "double" в "float", возможна потеря данных

    Предупреждений: 5
    Ошибок: 0

Прошло времени 00:00:01.73
