Сборка начата 19.09.2021 17:55:54.
Уровень детализации журнала: Normal.     1>Проект "C:\Users\User\Desktop\основы алгоритмизации и программирования\lab_03\Дополнительно\triangle\triangle\triangle.vcxproj" в узле 2 (целевые объекты Build).
     1>InitializeBuildStatus:
         Обращение к "Debug\triangle.tlog\unsuccessfulbuild".
       ClCompile:
         C:\Program Files (x86)\Microsoft Visual Studio\2019\Community\VC\Tools\MSVC\14.29.30133\bin\HostX86\x86\CL.exe /c /ZI /JMC /nologo /W3 /WX- /diagnostics:column /sdl /Od /Oy- /D WIN32 /D _DEBUG /D _CONSOLE /D _UNICODE /D UNICODE /Gm- /EHsc /RTC1 /MDd /GS /fp:precise /permissive- /Zc:wchar_t /Zc:forScope /Zc:inline /Fo"Debug\\" /Fd"Debug\vc142.pdb" /external:W3 /Gd /TP /analyze- /FC /errorReport:prompt triangle.cpp
         triangle.cpp
     1>C:\Users\User\Desktop\основы алгоритмизации и программирования\lab_03\Дополнительно\triangle\triangle\triangle.cpp(5,1): warning C4326: возвращаемый тип "main" должен быть "int", а не "void"
       Link:
         C:\Program Files (x86)\Microsoft Visual Studio\2019\Community\VC\Tools\MSVC\14.29.30133\bin\HostX86\x86\link.exe /ERRORREPORT:PROMPT /OUT:"C:\Users\User\Desktop\основы алгоритмизации и программирования\lab_03\Дополнительно\triangle\Debug\triangle.exe" /INCREMENTAL /ILK:"Debug\triangle.ilk" /NOLOGO kernel32.lib user32.lib gdi32.lib winspool.lib comdlg32.lib advapi32.lib shell32.lib ole32.lib oleaut32.lib uuid.lib odbc32.lib odbccp32.lib /MANIFEST /MANIFESTUAC:"level='asInvoker' uiAccess='false'" /manifest:embed /DEBUG /PDB:"C:\Users\User\Desktop\основы алгоритмизации и программирования\lab_03\Дополнительно\triangle\Debug\triangle.pdb" /SUBSYSTEM:CONSOLE /TLBID:1 /DYNAMICBASE /NXCOMPAT /IMPLIB:"C:\Users\User\Desktop\основы алгоритмизации и программирования\lab_03\Дополнительно\triangle\Debug\triangle.lib" /MACHINE:X86 Debug\triangle.obj
         triangle.vcxproj -> C:\Users\User\Desktop\основы алгоритмизации и программирования\lab_03\Дополнительно\triangle\Debug\triangle.exe
       FinalizeBuildStatus:
         Файл "Debug\triangle.tlog\unsuccessfulbuild" удаляется.
         Обращение к "Debug\triangle.tlog\triangle.lastbuildstate".
     1>Сборка проекта "C:\Users\User\Desktop\основы алгоритмизации и программирования\lab_03\Дополнительно\triangle\triangle\triangle.vcxproj" завершена (целевые объекты Build).

Сборка успешно завершена.

       "C:\Users\User\Desktop\основы алгоритмизации и программирования\lab_03\Дополнительно\triangle\triangle\triangle.vcxproj" (целевой объект Build ) (1) ->
       (Целевой объект ClCompile) -> 
         C:\Users\User\Desktop\основы алгоритмизации и программирования\lab_03\Дополнительно\triangle\triangle\triangle.cpp(5,1): warning C4326: возвращаемый тип "main" должен быть "int", а не "void"

    Предупреждений: 1
    Ошибок: 0

Прошло времени 00:00:04.62
