Сборка начата 18.09.2021 13:06:38.
Уровень детализации журнала: Normal.     1>Проект "C:\Users\User\Desktop\основы алгоритмизации и программирования\lab_02\Kravchenko_lab02\Kravchenko_lab02\Kravchenko_lab02.vcxproj" в узле 2 (целевые объекты Build).
     1>C:\Program Files (x86)\Microsoft Visual Studio\2019\Community\MSBuild\Microsoft\VC\v160\Microsoft.CppBuild.targets(513,5): warning MSB8028: промежуточный каталог (Debug\) содержит файлы, которые используются совместно с другим проектом (Kravchenko_lab02.vcxproj).  Это может привести к ошибкам очистки и перестроения.
     1>InitializeBuildStatus:
         Обращение к "Debug\var8.tlog\unsuccessfulbuild".
       ClCompile:
         C:\Program Files (x86)\Microsoft Visual Studio\2019\Community\VC\Tools\MSVC\14.29.30133\bin\HostX86\x86\CL.exe /c /ZI /JMC /nologo /W3 /WX- /diagnostics:column /sdl /Od /Oy- /D WIN32 /D _DEBUG /D _CONSOLE /D _UNICODE /D UNICODE /Gm- /EHsc /RTC1 /MDd /GS /fp:precise /permissive- /Zc:wchar_t /Zc:forScope /Zc:inline /Fo"Debug\\" /Fd"Debug\vc142.pdb" /external:W3 /Gd /TP /analyze- /FC /errorReport:prompt var8.cpp
         var8.cpp
     1>C:\Users\User\Desktop\основы алгоритмизации и программирования\lab_02\Kravchenko_lab02\Kravchenko_lab02\var8.cpp(1,10): warning C4067: непредвиденные лексемы за директивой препроцессора, требуется newline
     1>C:\Users\User\Desktop\основы алгоритмизации и программирования\lab_02\Kravchenko_lab02\Kravchenko_lab02\var8.cpp(5,1): warning C4326: возвращаемый тип "main" должен быть "int", а не "void"
       Link:
         C:\Program Files (x86)\Microsoft Visual Studio\2019\Community\VC\Tools\MSVC\14.29.30133\bin\HostX86\x86\link.exe /ERRORREPORT:PROMPT /OUT:"C:\Users\User\Desktop\основы алгоритмизации и программирования\lab_02\Kravchenko_lab02\Debug\var8.exe" /INCREMENTAL /ILK:"Debug\var8.ilk" /NOLOGO kernel32.lib user32.lib gdi32.lib winspool.lib comdlg32.lib advapi32.lib shell32.lib ole32.lib oleaut32.lib uuid.lib odbc32.lib odbccp32.lib /MANIFEST /MANIFESTUAC:"level='asInvoker' uiAccess='false'" /manifest:embed /DEBUG /PDB:"C:\Users\User\Desktop\основы алгоритмизации и программирования\lab_02\Kravchenko_lab02\Debug\var8.pdb" /SUBSYSTEM:CONSOLE /TLBID:1 /DYNAMICBASE /NXCOMPAT /IMPLIB:"C:\Users\User\Desktop\основы алгоритмизации и программирования\lab_02\Kravchenko_lab02\Debug\var8.lib" /MACHINE:X86 Debug\var8.obj
         Kravchenko_lab02.vcxproj -> C:\Users\User\Desktop\основы алгоритмизации и программирования\lab_02\Kravchenko_lab02\Debug\var8.exe
       FinalizeBuildStatus:
         Файл "Debug\var8.tlog\unsuccessfulbuild" удаляется.
         Обращение к "Debug\var8.tlog\var8.lastbuildstate".
     1>Сборка проекта "C:\Users\User\Desktop\основы алгоритмизации и программирования\lab_02\Kravchenko_lab02\Kravchenko_lab02\Kravchenko_lab02.vcxproj" завершена (целевые объекты Build).

Сборка успешно завершена.

       "C:\Users\User\Desktop\основы алгоритмизации и программирования\lab_02\Kravchenko_lab02\Kravchenko_lab02\Kravchenko_lab02.vcxproj" (целевой объект Build ) (1) ->
       (Целевой объект PrepareForBuild) -> 
         C:\Program Files (x86)\Microsoft Visual Studio\2019\Community\MSBuild\Microsoft\VC\v160\Microsoft.CppBuild.targets(513,5): warning MSB8028: промежуточный каталог (Debug\) содержит файлы, которые используются совместно с другим проектом (Kravchenko_lab02.vcxproj).  Это может привести к ошибкам очистки и перестроения.


       "C:\Users\User\Desktop\основы алгоритмизации и программирования\lab_02\Kravchenko_lab02\Kravchenko_lab02\Kravchenko_lab02.vcxproj" (целевой объект Build ) (1) ->
       (Целевой объект ClCompile) -> 
         C:\Users\User\Desktop\основы алгоритмизации и программирования\lab_02\Kravchenko_lab02\Kravchenko_lab02\var8.cpp(1,10): warning C4067: непредвиденные лексемы за директивой препроцессора, требуется newline
         C:\Users\User\Desktop\основы алгоритмизации и программирования\lab_02\Kravchenko_lab02\Kravchenko_lab02\var8.cpp(5,1): warning C4326: возвращаемый тип "main" должен быть "int", а не "void"

    Предупреждений: 3
    Ошибок: 0

Прошло времени 00:00:03.68
