Сборка начата 20.09.2021 0:31:28.
Уровень детализации журнала: Normal.     1>Проект "D:\1 курс\Основы алгоратмизации и програмирования Белодед\Лабораторные работы\ЛБ5(Белод.)\LAB_5_5_2\LAB_5_5_3\LAB_5_5_3.vcxproj" в узле 2 (целевые объекты Build).
     1>InitializeBuildStatus:
         Обращение к "Debug\LAB_5_5_3.tlog\unsuccessfulbuild".
       ClCompile:
         C:\Program Files (x86)\Microsoft Visual Studio\2019\Professional\VC\Tools\MSVC\14.29.30037\bin\HostX86\x86\CL.exe /c /ZI /JMC /nologo /W3 /WX- /diagnostics:column /sdl /Od /Oy- /D WIN32 /D _DEBUG /D _CONSOLE /D _UNICODE /D UNICODE /Gm- /EHsc /RTC1 /MDd /GS /fp:precise /permissive- /Zc:wchar_t /Zc:forScope /Zc:inline /Fo"Debug\\" /Fd"Debug\vc142.pdb" /external:W3 /Gd /TP /analyze- /FC /errorReport:prompt Source.cpp
         Source.cpp
     1>D:\1 курс\Основы алгоратмизации и програмирования Белодед\Лабораторные работы\ЛБ5(Белод.)\LAB_5_5_2\LAB_5_5_3\Source.cpp(3,13): warning C4326: возвращаемый тип "main" должен быть "int", а не "void"
     1>D:\1 курс\Основы алгоратмизации и програмирования Белодед\Лабораторные работы\ЛБ5(Белод.)\LAB_5_5_2\LAB_5_5_3\Source.cpp(5,31): warning C4305: инициализация: усечение из "double" в "float"
     1>D:\1 курс\Основы алгоратмизации и програмирования Белодед\Лабораторные работы\ЛБ5(Белод.)\LAB_5_5_2\LAB_5_5_3\Source.cpp(5,47): warning C4305: инициализация: усечение из "double" в "float"
     1>D:\1 курс\Основы алгоратмизации и програмирования Белодед\Лабораторные работы\ЛБ5(Белод.)\LAB_5_5_2\LAB_5_5_3\Source.cpp(5,77): warning C4305: инициализация: усечение из "double" в "float"
       Link:
         C:\Program Files (x86)\Microsoft Visual Studio\2019\Professional\VC\Tools\MSVC\14.29.30037\bin\HostX86\x86\link.exe /ERRORREPORT:PROMPT /OUT:"D:\1 курс\Основы алгоратмизации и програмирования Белодед\Лабораторные работы\ЛБ5(Белод.)\LAB_5_5_2\Debug\LAB_5_5_3.exe" /INCREMENTAL /ILK:"Debug\LAB_5_5_3.ilk" /NOLOGO kernel32.lib user32.lib gdi32.lib winspool.lib comdlg32.lib advapi32.lib shell32.lib ole32.lib oleaut32.lib uuid.lib odbc32.lib odbccp32.lib /MANIFEST /MANIFESTUAC:"level='asInvoker' uiAccess='false'" /manifest:embed /DEBUG /PDB:"D:\1 курс\Основы алгоратмизации и програмирования Белодед\Лабораторные работы\ЛБ5(Белод.)\LAB_5_5_2\Debug\LAB_5_5_3.pdb" /SUBSYSTEM:CONSOLE /TLBID:1 /DYNAMICBASE /NXCOMPAT /IMPLIB:"D:\1 курс\Основы алгоратмизации и програмирования Белодед\Лабораторные работы\ЛБ5(Белод.)\LAB_5_5_2\Debug\LAB_5_5_3.lib" /MACHINE:X86 Debug\Source.obj
         LAB_5_5_3.vcxproj -> D:\1 курс\Основы алгоратмизации и програмирования Белодед\Лабораторные работы\ЛБ5(Белод.)\LAB_5_5_2\Debug\LAB_5_5_3.exe
       FinalizeBuildStatus:
         Файл "Debug\LAB_5_5_3.tlog\unsuccessfulbuild" удаляется.
         Обращение к "Debug\LAB_5_5_3.tlog\LAB_5_5_3.lastbuildstate".
     1>Сборка проекта "D:\1 курс\Основы алгоратмизации и програмирования Белодед\Лабораторные работы\ЛБ5(Белод.)\LAB_5_5_2\LAB_5_5_3\LAB_5_5_3.vcxproj" завершена (целевые объекты Build).

Сборка успешно завершена.

       "D:\1 курс\Основы алгоратмизации и програмирования Белодед\Лабораторные работы\ЛБ5(Белод.)\LAB_5_5_2\LAB_5_5_3\LAB_5_5_3.vcxproj" (целевой объект Build ) (1) ->
       (Целевой объект ClCompile) -> 
         D:\1 курс\Основы алгоратмизации и програмирования Белодед\Лабораторные работы\ЛБ5(Белод.)\LAB_5_5_2\LAB_5_5_3\Source.cpp(3,13): warning C4326: возвращаемый тип "main" должен быть "int", а не "void"
         D:\1 курс\Основы алгоратмизации и програмирования Белодед\Лабораторные работы\ЛБ5(Белод.)\LAB_5_5_2\LAB_5_5_3\Source.cpp(5,31): warning C4305: инициализация: усечение из "double" в "float"
         D:\1 курс\Основы алгоратмизации и програмирования Белодед\Лабораторные работы\ЛБ5(Белод.)\LAB_5_5_2\LAB_5_5_3\Source.cpp(5,47): warning C4305: инициализация: усечение из "double" в "float"
         D:\1 курс\Основы алгоратмизации и програмирования Белодед\Лабораторные работы\ЛБ5(Белод.)\LAB_5_5_2\LAB_5_5_3\Source.cpp(5,77): warning C4305: инициализация: усечение из "double" в "float"

    Предупреждений: 4
    Ошибок: 0

Прошло времени 00:00:01.32
